22:28:52.930 INFO [GridLauncherV3.launch] - Selenium build info: version: '3.14.0', revision: 'aacccce0'
22:28:52.930 INFO [GridLauncherV3$1.launch] - Launching a standalone Selenium Server on port 4445
2019-04-02 22:28:53.031:INFO::main: Logging initialized @474ms to org.seleniumhq.jetty9.util.log.StdErrLog
22:28:53.383 INFO [SeleniumServer.boot] - Selenium Server is up and running on port 4445
22:28:53.793 INFO [ActiveSessionFactory.apply] - Capabilities are: {
  "acceptSslCerts": true,
  "browserName": "chrome",
  "javascriptEnabled": true,
  "name": "Search"
}
22:28:53.795 INFO [ActiveSessionFactory.lambda$apply$11] - Matched factory org.openqa.selenium.remote.server.ServicedSession$Factory (provider: org.openqa.selenium.chrome.ChromeDriverService)
Starting ChromeDriver 2.42.591088 (7b2b2dca23cca0862f674758c9a3933e685c27d5) on port 45047
Only local connections are allowed.
22:28:56.765 INFO [ProtocolHandshake.createSession] - Detected dialect: OSS
22:28:57.124 INFO [RemoteSession$Factory.lambda$performHandshake$0] - Started new session 0d038edcc5e01bd4cc1093692797e924 (org.openqa.selenium.chrome.ChromeDriverService)
22:30:04.935 INFO [ActiveSessions$1.onStop] - Removing session 0d038edcc5e01bd4cc1093692797e924 (org.openqa.selenium.chrome.ChromeDriverService)
22:30:04.975 INFO [ActiveSessionFactory.apply] - Capabilities are: {
  "acceptSslCerts": true,
  "browserName": "chrome",
  "javascriptEnabled": true,
  "name": "Search"
}
22:30:04.976 INFO [ActiveSessionFactory.lambda$apply$11] - Matched factory org.openqa.selenium.remote.server.ServicedSession$Factory (provider: org.openqa.selenium.chrome.ChromeDriverService)
Starting ChromeDriver 2.42.591088 (7b2b2dca23cca0862f674758c9a3933e685c27d5) on port 27872
Only local connections are allowed.
22:30:09.157 INFO [ProtocolHandshake.createSession] - Detected dialect: OSS
22:30:09.211 INFO [RemoteSession$Factory.lambda$performHandshake$0] - Started new session 8cd1dbb82f9235826a58dc01cb7b24c6 (org.openqa.selenium.chrome.ChromeDriverService)
22:30:25.647 INFO [ActiveSessions$1.onStop] - Removing session 8cd1dbb82f9235826a58dc01cb7b24c6 (org.openqa.selenium.chrome.ChromeDriverService)
